Arguments: 
  /usr/local/bin/node /usr/local/bin/yarn install

PATH: 
  /Users/tejas/.rvm/gems/ruby-2.3.1/bin:/Users/tejas/.rvm/gems/ruby-2.3.1@global/bin:/Users/tejas/.rvm/rubies/ruby-2.3.1/bin:/home/tech-6/.cask/bin:/Users/tejas/.cask/bin:/usr/local/heroku/bin:/usr/local/bin:/usr/bin:/bin:/usr/sbin:/sbin:/Users/tejas/.rvm/gems/ruby-2.3.1/bin:/Users/tejas/.rvm/gems/ruby-2.3.1@global/bin:/Users/tejas/.rvm/rubies/ruby-2.3.1/bin:/home/tech-6/.cask/bin:/Users/tejas/.cask/bin:/usr/local/heroku/bin:/Users/tejas/go/bin:/Users/tejas/gocode/bin:/Users/tejas/.rvm/bin:/Users/tejas/bin:/usr/local/mysql/bin:/Applications/Postgres.app/Contents/Versions/9.4/bin:/usr/local/bin:/Users/tejas/go/bin:/Users/tejas/gocode/bin:/Users/tejas/.rvm/bin:/Users/tejas/bin:/usr/local/mysql/bin:/Applications/Postgres.app/Contents/Versions/9.4/bin:/Users/tejas/.rvm/bin

Yarn version: 
  0.17.9

Node version: 
  6.9.1

Platform: 
  darwin x64

npm manifest: 
  {
    "name": "xecmascript",
    "version": "0.0.0",
    "description": "Exercism exercises in ECMAScript 6.",
    "author": "Katrina Owen",
    "private": true,
    "repository": {
      "type": "git",
      "url": "https://github.com/exercism/xecmascript"
    },
    "devDependencies": {
      "babel": "~5.8.29",
      "del": "~2.0.2",
      "gulp": "~3.9.0",
      "gulp-babel": "~5.3.0",
      "gulp-eslint": "^1.1.0",
      "gulp-jasmine": "~2.0.1",
      "yargs": "~3.27.0"
    },
    "scripts": {
      "test": "gulp test",
      "lint-test": "gulp lint test"
    },
    "licenses": [
      "MIT"
    ],
    "dependencies": {}
  }

yarn manifest: 
  No manifest

Lockfile: 
  No lockfile

Trace: 
  Error: https://registry.yarnpkg.com/parse-passwd/-/parse-passwd-1.0.0.tgz: ENOSPC: no space left on device, open '/Users/tejas/Library/Caches/Yarn/npm-parse-passwd-1.0.0-6d5b934a456993b23d37f40a382d6f1666a8e5c6/.yarn-tarball.tgz'
      at Error (native)
